<?xml version="1.0" encoding="UTF-8"?>
<!-- Generated by org.testng.reporters.JUnitReportReporter -->
<testsuite skipped="0" hostname="SIT-PC" name="CrossBrowserTesting.Test1" tests="2" failures="0" timestamp="28 Jan 2018 05:27:58 GMT" time="20.839" errors="0">
  <testcase name="validateTitleFF" time="5.389" classname="CrossBrowserTesting.Test1"/>
  <testcase name="validateTitleFF" time="15.450" classname="CrossBrowserTesting.Test1"/>
</testsuite> <!-- CrossBrowserTesting.Test1 -->
